2021-09-07 10:07:09.365  INFO 25556 --- [main] c.e.v.VerifyRepresentativeApplication    : Starting VerifyRepresentativeApplication using Java 16.0.2 on DESKTOP-A00PFDV with PID 25556 (C:\Users\Mohamed Fathy\IdeaProjects\VerifyRepresentative\target\classes started by Mohamed Fathy in C:\Users\Mohamed Fathy\IdeaProjects\VerifyRepresentative)
2021-09-07 10:07:09.437  INFO 25556 --- [main] c.e.v.VerifyRepresentativeApplication    : The following profiles are active: prod
2021-09-07 10:07:10.760  INFO 25556 --- [main] .s.d.r.c.RepositoryConfigurationDelegate : Multiple Spring Data modules found, entering strict repository configuration mode!
2021-09-07 10:07:10.761  INFO 25556 --- [main] .s.d.r.c.RepositoryConfigurationDelegate : Bootstrapping Spring Data JPA repositories in DEFAULT mode.
2021-09-07 10:07:10.903  INFO 25556 --- [main] .s.d.r.c.RepositoryConfigurationDelegate : Finished Spring Data repository scanning in 125 ms. Found 2 JPA repository interfaces.
2021-09-07 10:07:10.932  INFO 25556 --- [main] .s.d.r.c.RepositoryConfigurationDelegate : Multiple Spring Data modules found, entering strict repository configuration mode!
2021-09-07 10:07:10.933  INFO 25556 --- [main] .s.d.r.c.RepositoryConfigurationDelegate : Bootstrapping Spring Data Redis repositories in DEFAULT mode.
2021-09-07 10:07:10.963  INFO 25556 --- [main] .RepositoryConfigurationExtensionSupport : Spring Data Redis - Could not safely identify store assignment for repository candidate interface com.example.verifyrepresentative.repository.OTPRepo. If you want this repository to be a Redis repository, consider annotating your entities with one of these annotations: org.springframework.data.redis.core.RedisHash (preferred), or consider extending one of the following types with your repository: org.springframework.data.keyvalue.repository.KeyValueRepository.
2021-09-07 10:07:10.964  INFO 25556 --- [main] .RepositoryConfigurationExtensionSupport : Spring Data Redis - Could not safely identify store assignment for repository candidate interface com.example.verifyrepresentative.repository.RepresentativeRepo. If you want this repository to be a Redis repository, consider annotating your entities with one of these annotations: org.springframework.data.redis.core.RedisHash (preferred), or consider extending one of the following types with your repository: org.springframework.data.keyvalue.repository.KeyValueRepository.
2021-09-07 10:07:10.965  INFO 25556 --- [main] .s.d.r.c.RepositoryConfigurationDelegate : Finished Spring Data repository scanning in 15 ms. Found 0 Redis repository interfaces.
2021-09-07 10:07:11.499  INFO 25556 --- [main] o.s.b.w.embedded.tomcat.TomcatWebServer  : Tomcat initialized with port(s): 8080 (http)
2021-09-07 10:07:11.509  INFO 25556 --- [main] o.apache.catalina.core.StandardService   : Starting service [Tomcat]
2021-09-07 10:07:11.509  INFO 25556 --- [main] org.apache.catalina.core.StandardEngine  : Starting Servlet engine: [Apache Tomcat/9.0.52]
2021-09-07 10:07:11.630  INFO 25556 --- [main] o.a.c.c.C.[Tomcat].[localhost].[/]       : Initializing Spring embedded WebApplicationContext
2021-09-07 10:07:11.630  INFO 25556 --- [main] w.s.c.ServletWebServerApplicationContext : Root WebApplicationContext: initialization completed in 2013 ms
2021-09-07 10:07:11.853  INFO 25556 --- [main] o.hibernate.jpa.internal.util.LogHelper  : HHH000204: Processing PersistenceUnitInfo [name: default]
2021-09-07 10:07:11.949  INFO 25556 --- [main] org.hibernate.Version                    : HHH000412: Hibernate ORM core version 5.4.32.Final
2021-09-07 10:07:12.197  INFO 25556 --- [main] o.hibernate.annotations.common.Version   : HCANN000001: Hibernate Commons Annotations {5.1.2.Final}
2021-09-07 10:07:12.345  INFO 25556 --- [main] com.zaxxer.hikari.HikariDataSource       : HikariPool-1 - Starting...
2021-09-07 10:07:12.497  INFO 25556 --- [main] com.zaxxer.hikari.HikariDataSource       : HikariPool-1 - Start completed.
2021-09-07 10:07:12.513  INFO 25556 --- [main] org.hibernate.dialect.Dialect            : HHH000400: Using dialect: org.hibernate.dialect.MySQL5InnoDBDialect
2021-09-07 10:07:13.367  INFO 25556 --- [main] o.h.e.t.j.p.i.JtaPlatformInitiator       : HHH000490: Using JtaPlatform implementation: [org.hibernate.engine.transaction.jta.platform.internal.NoJtaPlatform]
2021-09-07 10:07:13.381  INFO 25556 --- [main] j.LocalContainerEntityManagerFactoryBean : Initialized JPA EntityManagerFactory for persistence unit 'default'
2021-09-07 10:07:13.879  WARN 25556 --- [main] JpaBaseConfiguration$JpaWebConfiguration : spring.jpa.open-in-view is enabled by default. Therefore, database queries may be performed during view rendering. Explicitly configure spring.jpa.open-in-view to disable this warning
2021-09-07 10:07:14.034 DEBUG 25556 --- [main] s.w.s.m.m.a.RequestMappingHandlerAdapter : ControllerAdvice beans: 0 @ModelAttribute, 0 @InitBinder, 1 RequestBodyAdvice, 1 ResponseBodyAdvice
2021-09-07 10:07:14.115 DEBUG 25556 --- [main] s.w.s.m.m.a.RequestMappingHandlerMapping : 5 mappings in 'requestMappingHandlerMapping'
2021-09-07 10:07:14.162 DEBUG 25556 --- [main] o.s.w.s.handler.SimpleUrlHandlerMapping  : Patterns [/webjars/**, /**] in 'resourceHandlerMapping'
2021-09-07 10:07:14.175  WARN 25556 --- [main] ConfigServletWebServerApplicationContext : Exception encountered during context initialization - cancelling refresh attempt: org.springframework.beans.factory.BeanCreationException: Error creating bean with name 'handlerExceptionResolver' defined in class path resource [org/springframework/boot/autoconfigure/web/servlet/WebMvcAutoConfiguration$EnableWebMvcConfiguration.class]: Bean instantiation via factory method failed; nested exception is org.springframework.beans.BeanInstantiationException: Failed to instantiate [org.springframework.web.servlet.HandlerExceptionResolver]: Factory method 'handlerExceptionResolver' threw exception; nested exception is java.lang.IllegalStateException: Ambiguous @ExceptionHandler method mapped for [class com.example.verifyrepresentative.exception.RecordNotFoundException]: {public org.springframework.http.ResponseEntity com.example.verifyrepresentative.exception.ExceptionHelper.handleRecordNotFoundException(com.example.verifyrepresentative.exception.RecordNotFoundException), public org.springframework.http.ResponseEntity com.example.verifyrepresentative.exception.ExceptionHelper.handleSMSNotSentException(com.example.verifyrepresentative.exception.RecordNotFoundException)}
2021-09-07 10:07:14.176  INFO 25556 --- [main] j.LocalContainerEntityManagerFactoryBean : Closing JPA EntityManagerFactory for persistence unit 'default'
2021-09-07 10:07:14.178  INFO 25556 --- [main] com.zaxxer.hikari.HikariDataSource       : HikariPool-1 - Shutdown initiated...
2021-09-07 10:07:14.184  INFO 25556 --- [main] com.zaxxer.hikari.HikariDataSource       : HikariPool-1 - Shutdown completed.
2021-09-07 10:07:14.186  INFO 25556 --- [main] o.apache.catalina.core.StandardService   : Stopping service [Tomcat]
2021-09-07 10:07:14.199  INFO 25556 --- [main] ConditionEvaluationReportLoggingListener : 

Error starting ApplicationContext. To display the conditions report re-run your application with 'debug' enabled.
2021-09-07 10:07:14.226 ERROR 25556 --- [main] o.s.boot.SpringApplication               : Application run failed

org.springframework.beans.factory.BeanCreationException: Error creating bean with name 'handlerExceptionResolver' defined in class path resource [org/springframework/boot/autoconfigure/web/servlet/WebMvcAutoConfiguration$EnableWebMvcConfiguration.class]: Bean instantiation via factory method failed; nested exception is org.springframework.beans.BeanInstantiationException: Failed to instantiate [org.springframework.web.servlet.HandlerExceptionResolver]: Factory method 'handlerExceptionResolver' threw exception; nested exception is java.lang.IllegalStateException: Ambiguous @ExceptionHandler method mapped for [class com.example.verifyrepresentative.exception.RecordNotFoundException]: {public org.springframework.http.ResponseEntity com.example.verifyrepresentative.exception.ExceptionHelper.handleRecordNotFoundException(com.example.verifyrepresentative.exception.RecordNotFoundException), public org.springframework.http.ResponseEntity com.example.verifyrepresentative.exception.ExceptionHelper.handleSMSNotSentException(com.example.verifyrepresentative.exception.RecordNotFoundException)}
	at org.springframework.beans.factory.support.ConstructorResolver.instantiate(ConstructorResolver.java:658) ~[spring-beans-5.3.9.jar:5.3.9]
	at org.springframework.beans.factory.support.ConstructorResolver.instantiateUsingFactoryMethod(ConstructorResolver.java:638) ~[spring-beans-5.3.9.jar:5.3.9]
	at org.springframework.beans.factory.support.AbstractAutowireCapableBeanFactory.instantiateUsingFactoryMethod(AbstractAutowireCapableBeanFactory.java:1334) ~[spring-beans-5.3.9.jar:5.3.9]
	at org.springframework.beans.factory.support.AbstractAutowireCapableBeanFactory.createBeanInstance(AbstractAutowireCapableBeanFactory.java:1177) ~[spring-beans-5.3.9.jar:5.3.9]
	at org.springframework.beans.factory.support.AbstractAutowireCapableBeanFactory.doCreateBean(AbstractAutowireCapableBeanFactory.java:564) ~[spring-beans-5.3.9.jar:5.3.9]
	at org.springframework.beans.factory.support.AbstractAutowireCapableBeanFactory.createBean(AbstractAutowireCapableBeanFactory.java:524) ~[spring-beans-5.3.9.jar:5.3.9]
	at org.springframework.beans.factory.support.AbstractBeanFactory.lambda$doGetBean$0(AbstractBeanFactory.java:335) ~[spring-beans-5.3.9.jar:5.3.9]
	at org.springframework.beans.factory.support.DefaultSingletonBeanRegistry.getSingleton(DefaultSingletonBeanRegistry.java:234) ~[spring-beans-5.3.9.jar:5.3.9]
	at org.springframework.beans.factory.support.AbstractBeanFactory.doGetBean(AbstractBeanFactory.java:333) ~[spring-beans-5.3.9.jar:5.3.9]
	at org.springframework.beans.factory.support.AbstractBeanFactory.getBean(AbstractBeanFactory.java:208) ~[spring-beans-5.3.9.jar:5.3.9]
	at org.springframework.beans.factory.support.DefaultListableBeanFactory.preInstantiateSingletons(DefaultListableBeanFactory.java:944) ~[spring-beans-5.3.9.jar:5.3.9]
	at org.springframework.context.support.AbstractApplicationContext.finishBeanFactoryInitialization(AbstractApplicationContext.java:918) ~[spring-context-5.3.9.jar:5.3.9]
	at org.springframework.context.support.AbstractApplicationContext.refresh(AbstractApplicationContext.java:583) ~[spring-context-5.3.9.jar:5.3.9]
	at org.springframework.boot.web.servlet.context.ServletWebServerApplicationContext.refresh(ServletWebServerApplicationContext.java:145) ~[spring-boot-2.5.4.jar:2.5.4]
	at org.springframework.boot.SpringApplication.refresh(SpringApplication.java:754) ~[spring-boot-2.5.4.jar:2.5.4]
	at org.springframework.boot.SpringApplication.refreshContext(SpringApplication.java:434) ~[spring-boot-2.5.4.jar:2.5.4]
	at org.springframework.boot.SpringApplication.run(SpringApplication.java:338) ~[spring-boot-2.5.4.jar:2.5.4]
	at org.springframework.boot.SpringApplication.run(SpringApplication.java:1343) ~[spring-boot-2.5.4.jar:2.5.4]
	at org.springframework.boot.SpringApplication.run(SpringApplication.java:1332) ~[spring-boot-2.5.4.jar:2.5.4]
	at com.example.verifyrepresentative.VerifyRepresentativeApplication.main(VerifyRepresentativeApplication.java:10) ~[classes/:na]
Caused by: org.springframework.beans.BeanInstantiationException: Failed to instantiate [org.springframework.web.servlet.HandlerExceptionResolver]: Factory method 'handlerExceptionResolver' threw exception; nested exception is java.lang.IllegalStateException: Ambiguous @ExceptionHandler method mapped for [class com.example.verifyrepresentative.exception.RecordNotFoundException]: {public org.springframework.http.ResponseEntity com.example.verifyrepresentative.exception.ExceptionHelper.handleRecordNotFoundException(com.example.verifyrepresentative.exception.RecordNotFoundException), public org.springframework.http.ResponseEntity com.example.verifyrepresentative.exception.ExceptionHelper.handleSMSNotSentException(com.example.verifyrepresentative.exception.RecordNotFoundException)}
	at org.springframework.beans.factory.support.SimpleInstantiationStrategy.instantiate(SimpleInstantiationStrategy.java:185) ~[spring-beans-5.3.9.jar:5.3.9]
	at org.springframework.beans.factory.support.ConstructorResolver.instantiate(ConstructorResolver.java:653) ~[spring-beans-5.3.9.jar:5.3.9]
	... 19 common frames omitted
Caused by: java.lang.IllegalStateException: Ambiguous @ExceptionHandler method mapped for [class com.example.verifyrepresentative.exception.RecordNotFoundException]: {public org.springframework.http.ResponseEntity com.example.verifyrepresentative.exception.ExceptionHelper.handleRecordNotFoundException(com.example.verifyrepresentative.exception.RecordNotFoundException), public org.springframework.http.ResponseEntity com.example.verifyrepresentative.exception.ExceptionHelper.handleSMSNotSentException(com.example.verifyrepresentative.exception.RecordNotFoundException)}
	at org.springframework.web.method.annotation.ExceptionHandlerMethodResolver.addExceptionMapping(ExceptionHandlerMethodResolver.java:114) ~[spring-web-5.3.9.jar:5.3.9]
	at org.springframework.web.method.annotation.ExceptionHandlerMethodResolver.<init>(ExceptionHandlerMethodResolver.java:78) ~[spring-web-5.3.9.jar:5.3.9]
	at org.springframework.web.servlet.mvc.method.annotation.ExceptionHandlerExceptionResolver.initExceptionHandlerAdviceCache(ExceptionHandlerExceptionResolver.java:291) ~[spring-webmvc-5.3.9.jar:5.3.9]
	at org.springframework.web.servlet.mvc.method.annotation.ExceptionHandlerExceptionResolver.afterPropertiesSet(ExceptionHandlerExceptionResolver.java:268) ~[spring-webmvc-5.3.9.jar:5.3.9]
	at org.springframework.web.servlet.config.annotation.WebMvcConfigurationSupport.addDefaultHandlerExceptionResolvers(WebMvcConfigurationSupport.java:1090) ~[spring-webmvc-5.3.9.jar:5.3.9]
	at org.springframework.web.servlet.config.annotation.WebMvcConfigurationSupport.handlerExceptionResolver(WebMvcConfigurationSupport.java:1032) ~[spring-webmvc-5.3.9.jar:5.3.9]
	at java.base/jdk.internal.reflect.NativeMethodAccessorImpl.invoke0(Native Method) ~[na:na]
	at java.base/jdk.internal.reflect.NativeMethodAccessorImpl.invoke(NativeMethodAccessorImpl.java:78) ~[na:na]
	at java.base/jdk.internal.reflect.DelegatingMethodAccessorImpl.invoke(DelegatingMethodAccessorImpl.java:43) ~[na:na]
	at java.base/java.lang.reflect.Method.invoke(Method.java:567) ~[na:na]
	at org.springframework.beans.factory.support.SimpleInstantiationStrategy.instantiate(SimpleInstantiationStrategy.java:154) ~[spring-beans-5.3.9.jar:5.3.9]
	... 20 common frames omitted

2021-09-07 10:07:42.033  INFO 21028 --- [main] c.e.v.VerifyRepresentativeApplication    : Starting VerifyRepresentativeApplication using Java 16.0.2 on DESKTOP-A00PFDV with PID 21028 (C:\Users\Mohamed Fathy\IdeaProjects\VerifyRepresentative\target\classes started by Mohamed Fathy in C:\Users\Mohamed Fathy\IdeaProjects\VerifyRepresentative)
2021-09-07 10:07:42.036  INFO 21028 --- [main] c.e.v.VerifyRepresentativeApplication    : The following profiles are active: prod
2021-09-07 10:07:43.037  INFO 21028 --- [main] .s.d.r.c.RepositoryConfigurationDelegate : Multiple Spring Data modules found, entering strict repository configuration mode!
2021-09-07 10:07:43.038  INFO 21028 --- [main] .s.d.r.c.RepositoryConfigurationDelegate : Bootstrapping Spring Data JPA repositories in DEFAULT mode.
2021-09-07 10:07:43.114  INFO 21028 --- [main] .s.d.r.c.RepositoryConfigurationDelegate : Finished Spring Data repository scanning in 63 ms. Found 2 JPA repository interfaces.
2021-09-07 10:07:43.130  INFO 21028 --- [main] .s.d.r.c.RepositoryConfigurationDelegate : Multiple Spring Data modules found, entering strict repository configuration mode!
2021-09-07 10:07:43.131  INFO 21028 --- [main] .s.d.r.c.RepositoryConfigurationDelegate : Bootstrapping Spring Data Redis repositories in DEFAULT mode.
2021-09-07 10:07:43.148  INFO 21028 --- [main] .RepositoryConfigurationExtensionSupport : Spring Data Redis - Could not safely identify store assignment for repository candidate interface com.example.verifyrepresentative.repository.OTPRepo. If you want this repository to be a Redis repository, consider annotating your entities with one of these annotations: org.springframework.data.redis.core.RedisHash (preferred), or consider extending one of the following types with your repository: org.springframework.data.keyvalue.repository.KeyValueRepository.
2021-09-07 10:07:43.150  INFO 21028 --- [main] .RepositoryConfigurationExtensionSupport : Spring Data Redis - Could not safely identify store assignment for repository candidate interface com.example.verifyrepresentative.repository.RepresentativeRepo. If you want this repository to be a Redis repository, consider annotating your entities with one of these annotations: org.springframework.data.redis.core.RedisHash (preferred), or consider extending one of the following types with your repository: org.springframework.data.keyvalue.repository.KeyValueRepository.
2021-09-07 10:07:43.150  INFO 21028 --- [main] .s.d.r.c.RepositoryConfigurationDelegate : Finished Spring Data repository scanning in 10 ms. Found 0 Redis repository interfaces.
2021-09-07 10:07:43.619  INFO 21028 --- [main] o.s.b.w.embedded.tomcat.TomcatWebServer  : Tomcat initialized with port(s): 8080 (http)
2021-09-07 10:07:43.626  INFO 21028 --- [main] o.apache.catalina.core.StandardService   : Starting service [Tomcat]
2021-09-07 10:07:43.627  INFO 21028 --- [main] org.apache.catalina.core.StandardEngine  : Starting Servlet engine: [Apache Tomcat/9.0.52]
2021-09-07 10:07:43.741  INFO 21028 --- [main] o.a.c.c.C.[Tomcat].[localhost].[/]       : Initializing Spring embedded WebApplicationContext
2021-09-07 10:07:43.741  INFO 21028 --- [main] w.s.c.ServletWebServerApplicationContext : Root WebApplicationContext: initialization completed in 1635 ms
2021-09-07 10:07:43.905  INFO 21028 --- [main] o.hibernate.jpa.internal.util.LogHelper  : HHH000204: Processing PersistenceUnitInfo [name: default]
2021-09-07 10:07:43.953  INFO 21028 --- [main] org.hibernate.Version                    : HHH000412: Hibernate ORM core version 5.4.32.Final
2021-09-07 10:07:44.083  INFO 21028 --- [main] o.hibernate.annotations.common.Version   : HCANN000001: Hibernate Commons Annotations {5.1.2.Final}
2021-09-07 10:07:44.199  INFO 21028 --- [main] com.zaxxer.hikari.HikariDataSource       : HikariPool-1 - Starting...
2021-09-07 10:07:44.397  INFO 21028 --- [main] com.zaxxer.hikari.HikariDataSource       : HikariPool-1 - Start completed.
2021-09-07 10:07:44.417  INFO 21028 --- [main] org.hibernate.dialect.Dialect            : HHH000400: Using dialect: org.hibernate.dialect.MySQL5InnoDBDialect
2021-09-07 10:07:45.253  INFO 21028 --- [main] o.h.e.t.j.p.i.JtaPlatformInitiator       : HHH000490: Using JtaPlatform implementation: [org.hibernate.engine.transaction.jta.platform.internal.NoJtaPlatform]
2021-09-07 10:07:45.269  INFO 21028 --- [main] j.LocalContainerEntityManagerFactoryBean : Initialized JPA EntityManagerFactory for persistence unit 'default'
2021-09-07 10:07:45.763  WARN 21028 --- [main] JpaBaseConfiguration$JpaWebConfiguration : spring.jpa.open-in-view is enabled by default. Therefore, database queries may be performed during view rendering. Explicitly configure spring.jpa.open-in-view to disable this warning
2021-09-07 10:07:45.904 DEBUG 21028 --- [main] s.w.s.m.m.a.RequestMappingHandlerAdapter : ControllerAdvice beans: 0 @ModelAttribute, 0 @InitBinder, 1 RequestBodyAdvice, 1 ResponseBodyAdvice
2021-09-07 10:07:45.964 DEBUG 21028 --- [main] s.w.s.m.m.a.RequestMappingHandlerMapping : 5 mappings in 'requestMappingHandlerMapping'
2021-09-07 10:07:46.009 DEBUG 21028 --- [main] o.s.w.s.handler.SimpleUrlHandlerMapping  : Patterns [/webjars/**, /**] in 'resourceHandlerMapping'
2021-09-07 10:07:46.022 DEBUG 21028 --- [main] .m.m.a.ExceptionHandlerExceptionResolver : ControllerAdvice beans: 1 @ExceptionHandler, 1 ResponseBodyAdvice
2021-09-07 10:07:46.680  INFO 21028 --- [main] o.s.b.w.embedded.tomcat.TomcatWebServer  : Tomcat started on port(s): 8080 (http) with context path ''
2021-09-07 10:07:46.690  INFO 21028 --- [main] c.e.v.VerifyRepresentativeApplication    : Started VerifyRepresentativeApplication in 5.326 seconds (JVM running for 6.615)
2021-09-07 10:08:09.867  INFO 21028 --- [http-nio-8080-exec-2] o.a.c.c.C.[Tomcat].[localhost].[/]       : Initializing Spring DispatcherServlet 'dispatcherServlet'
2021-09-07 10:08:09.868  INFO 21028 --- [http-nio-8080-exec-2] o.s.web.servlet.DispatcherServlet        : Initializing Servlet 'dispatcherServlet'
2021-09-07 10:08:09.868 DEBUG 21028 --- [http-nio-8080-exec-2] o.s.web.servlet.DispatcherServlet        : Detected StandardServletMultipartResolver
2021-09-07 10:08:09.868 DEBUG 21028 --- [http-nio-8080-exec-2] o.s.web.servlet.DispatcherServlet        : Detected AcceptHeaderLocaleResolver
2021-09-07 10:08:09.869 DEBUG 21028 --- [http-nio-8080-exec-2] o.s.web.servlet.DispatcherServlet        : Detected FixedThemeResolver
2021-09-07 10:08:09.870 DEBUG 21028 --- [http-nio-8080-exec-2] o.s.web.servlet.DispatcherServlet        : Detected org.springframework.web.servlet.view.DefaultRequestToViewNameTranslator@6942ee48
2021-09-07 10:08:09.870 DEBUG 21028 --- [http-nio-8080-exec-2] o.s.web.servlet.DispatcherServlet        : Detected org.springframework.web.servlet.support.SessionFlashMapManager@6e66b498
2021-09-07 10:08:09.870 DEBUG 21028 --- [http-nio-8080-exec-2] o.s.web.servlet.DispatcherServlet        : enableLoggingRequestDetails='false': request parameters and headers will be masked to prevent unsafe logging of potentially sensitive data
2021-09-07 10:08:09.871  INFO 21028 --- [http-nio-8080-exec-2] o.s.web.servlet.DispatcherServlet        : Completed initialization in 3 ms
2021-09-07 10:08:09.882 DEBUG 21028 --- [http-nio-8080-exec-2] o.s.web.servlet.DispatcherServlet        : POST "/verifyOTP", parameters={}
2021-09-07 10:08:09.886 DEBUG 21028 --- [http-nio-8080-exec-2] s.w.s.m.m.a.RequestMappingHandlerMapping : Mapped to com.example.verifyrepresentative.web.VerifyRepresentativeController#verifyOTP(InquiryRequestDTO)
2021-09-07 10:08:09.981 DEBUG 21028 --- [http-nio-8080-exec-2] m.m.a.RequestResponseBodyMethodProcessor : Read "application/json;charset=UTF-8" to [InquiryRequestDTO{requestId='bde30cee-6f93-3a4a-947a-a24e7e274920', serviceRefNumber='01068693452',  (truncated)...]
2021-09-07 10:08:10.224 DEBUG 21028 --- [http-nio-8080-exec-2] o.s.w.s.m.m.a.HttpEntityMethodProcessor  : Using 'application/json', given [*/*] and supported [application/json, application/*+json, application/json, application/*+json]
2021-09-07 10:08:10.225 DEBUG 21028 --- [http-nio-8080-exec-2] o.s.w.s.m.m.a.HttpEntityMethodProcessor  : Writing [InquiryResponseDTO [status=StatusDTO [code=1, message=Expired OTP], responseDate=Tue Sep 07 10:08:10 (truncated)...]
2021-09-07 10:08:10.247 DEBUG 21028 --- [http-nio-8080-exec-2] o.s.web.servlet.DispatcherServlet        : Completed 200 OK
2021-09-07 10:08:13.143 DEBUG 21028 --- [http-nio-8080-exec-3] o.s.web.servlet.DispatcherServlet        : POST "/generateOTP", parameters={}
2021-09-07 10:08:13.144 DEBUG 21028 --- [http-nio-8080-exec-3] s.w.s.m.m.a.RequestMappingHandlerMapping : Mapped to com.example.verifyrepresentative.web.VerifyRepresentativeController#GenerateOTP(InquiryRequestDTO)
2021-09-07 10:08:13.146 DEBUG 21028 --- [http-nio-8080-exec-3] m.m.a.RequestResponseBodyMethodProcessor : Read "application/json;charset=UTF-8" to [InquiryRequestDTO{requestId='bde30cee-6f93-3a4a-947a-a24e7e274920', serviceRefNumber='01068693452',  (truncated)...]
2021-09-07 10:08:13.147  INFO 21028 --- [http-nio-8080-exec-3] c.e.v.s.VerifyRepresentativeService      : generating new OTP
2021-09-07 10:08:13.148  INFO 21028 --- [http-nio-8080-exec-3] c.e.v.s.VerifyRepresentativeService      : New OTP value = 6205
2021-09-07 10:08:13.166  INFO 21028 --- [http-nio-8080-exec-3] c.e.v.s.VerifyRepresentativeService      : starting to send sms message to msisdn = 01068693452
2021-09-07 10:08:13.188 DEBUG 21028 --- [http-nio-8080-exec-3] o.s.web.client.RestTemplate              : HTTP GET http://10.140.173.14:8181/aman/sms/send?msisdn=01068693452&msg=%D8%A7%D9%87%D9%84%D8%A7%20%D8%A8%D9%83%20%D9%81%D9%8A%20%D8%A7%D9%85%D8%A7%D9%86%20,%20%D9%83%D9%88%D8%AF%20%D8%A7%D9%84%D8%AA%D9%81%D8%B9%D9%8A%D9%84%20%D8%A7%D9%84%D8%AE%D8%A7%D8%B5%20%D8%A8%D9%83%206205&sender=AMAN
2021-09-07 10:08:13.190 DEBUG 21028 --- [http-nio-8080-exec-3] o.s.web.client.RestTemplate              : Accept=[application/json, application/*+json]
2021-09-07 10:08:34.199 ERROR 21028 --- [http-nio-8080-exec-3] c.e.v.s.VerifyRepresentativeService      : I/O error on GET request for "http://10.140.173.14:8181/aman/sms/send": Connection timed out: connect; nested exception is java.net.ConnectException: Connection timed out: connect
2021-09-07 10:08:34.200 DEBUG 21028 --- [http-nio-8080-exec-3] .m.m.a.ExceptionHandlerExceptionResolver : Using @ExceptionHandler com.example.verifyrepresentative.exception.ExceptionHelper#handleSMSNotSentException(RecordNotFoundException)
2021-09-07 10:08:34.204  WARN 21028 --- [http-nio-8080-exec-3] .m.m.a.ExceptionHandlerExceptionResolver : Failure in @ExceptionHandler com.example.verifyrepresentative.exception.ExceptionHelper#handleSMSNotSentException(RecordNotFoundException)

java.lang.IllegalStateException: Could not resolve parameter [0] in public org.springframework.http.ResponseEntity<com.example.verifyrepresentative.DTO.InquiryResponseDTO> com.example.verifyrepresentative.exception.ExceptionHelper.handleSMSNotSentException(com.example.verifyrepresentative.exception.RecordNotFoundException): No suitable resolver
	at org.springframework.web.method.support.InvocableHandlerMethod.getMethodArgumentValues(InvocableHandlerMethod.java:167) ~[spring-web-5.3.9.jar:5.3.9]
	at org.springframework.web.method.support.InvocableHandlerMethod.invokeForRequest(InvocableHandlerMethod.java:137) ~[spring-web-5.3.9.jar:5.3.9]
	at org.springframework.web.servlet.mvc.method.annotation.ServletInvocableHandlerMethod.invokeAndHandle(ServletInvocableHandlerMethod.java:106) ~[spring-webmvc-5.3.9.jar:5.3.9]
	at org.springframework.web.servlet.mvc.method.annotation.ExceptionHandlerExceptionResolver.doResolveHandlerMethodException(ExceptionHandlerExceptionResolver.java:428) ~[spring-webmvc-5.3.9.jar:5.3.9]
	at org.springframework.web.servlet.handler.AbstractHandlerMethodExceptionResolver.doResolveException(AbstractHandlerMethodExceptionResolver.java:75) ~[spring-webmvc-5.3.9.jar:5.3.9]
	at org.springframework.web.servlet.handler.AbstractHandlerExceptionResolver.resolveException(AbstractHandlerExceptionResolver.java:141) ~[spring-webmvc-5.3.9.jar:5.3.9]
	at org.springframework.web.servlet.handler.HandlerExceptionResolverComposite.resolveException(HandlerExceptionResolverComposite.java:80) ~[spring-webmvc-5.3.9.jar:5.3.9]
	at org.springframework.web.servlet.DispatcherServlet.processHandlerException(DispatcherServlet.java:1324) ~[spring-webmvc-5.3.9.jar:5.3.9]
	at org.springframework.web.servlet.DispatcherServlet.processDispatchResult(DispatcherServlet.java:1135) ~[spring-webmvc-5.3.9.jar:5.3.9]
	at org.springframework.web.servlet.DispatcherServlet.doDispatch(DispatcherServlet.java:1081) ~[spring-webmvc-5.3.9.jar:5.3.9]
	at org.springframework.web.servlet.DispatcherServlet.doService(DispatcherServlet.java:963) ~[spring-webmvc-5.3.9.jar:5.3.9]
	at org.springframework.web.servlet.FrameworkServlet.processRequest(FrameworkServlet.java:1006) ~[spring-webmvc-5.3.9.jar:5.3.9]
	at org.springframework.web.servlet.FrameworkServlet.doPost(FrameworkServlet.java:909) ~[spring-webmvc-5.3.9.jar:5.3.9]
	at javax.servlet.http.HttpServlet.service(HttpServlet.java:681) ~[tomcat-embed-core-9.0.52.jar:4.0.FR]
	at org.springframework.web.servlet.FrameworkServlet.service(FrameworkServlet.java:883) ~[spring-webmvc-5.3.9.jar:5.3.9]
	at javax.servlet.http.HttpServlet.service(HttpServlet.java:764) ~[tomcat-embed-core-9.0.52.jar:4.0.FR]
	at org.apache.catalina.core.ApplicationFilterChain.internalDoFilter(ApplicationFilterChain.java:227) ~[tomcat-embed-core-9.0.52.jar:9.0.52]
	at org.apache.catalina.core.ApplicationFilterChain.doFilter(ApplicationFilterChain.java:162) ~[tomcat-embed-core-9.0.52.jar:9.0.52]
	at org.apache.tomcat.websocket.server.WsFilter.doFilter(WsFilter.java:53) ~[tomcat-embed-websocket-9.0.52.jar:9.0.52]
	at org.apache.catalina.core.ApplicationFilterChain.internalDoFilter(ApplicationFilterChain.java:189) ~[tomcat-embed-core-9.0.52.jar:9.0.52]
	at org.apache.catalina.core.ApplicationFilterChain.doFilter(ApplicationFilterChain.java:162) ~[tomcat-embed-core-9.0.52.jar:9.0.52]
	at org.springframework.web.filter.RequestContextFilter.doFilterInternal(RequestContextFilter.java:100) ~[spring-web-5.3.9.jar:5.3.9]
	at org.springframework.web.filter.OncePerRequestFilter.doFilter(OncePerRequestFilter.java:119) ~[spring-web-5.3.9.jar:5.3.9]
	at org.apache.catalina.core.ApplicationFilterChain.internalDoFilter(ApplicationFilterChain.java:189) ~[tomcat-embed-core-9.0.52.jar:9.0.52]
	at org.apache.catalina.core.ApplicationFilterChain.doFilter(ApplicationFilterChain.java:162) ~[tomcat-embed-core-9.0.52.jar:9.0.52]
	at org.springframework.web.filter.FormContentFilter.doFilterInternal(FormContentFilter.java:93) ~[spring-web-5.3.9.jar:5.3.9]
	at org.springframework.web.filter.OncePerRequestFilter.doFilter(OncePerRequestFilter.java:119) ~[spring-web-5.3.9.jar:5.3.9]
	at org.apache.catalina.core.ApplicationFilterChain.internalDoFilter(ApplicationFilterChain.java:189) ~[tomcat-embed-core-9.0.52.jar:9.0.52]
	at org.apache.catalina.core.ApplicationFilterChain.doFilter(ApplicationFilterChain.java:162) ~[tomcat-embed-core-9.0.52.jar:9.0.52]
	at org.springframework.web.filter.CharacterEncodingFilter.doFilterInternal(CharacterEncodingFilter.java:201) ~[spring-web-5.3.9.jar:5.3.9]
	at org.springframework.web.filter.OncePerRequestFilter.doFilter(OncePerRequestFilter.java:119) ~[spring-web-5.3.9.jar:5.3.9]
	at org.apache.catalina.core.ApplicationFilterChain.internalDoFilter(ApplicationFilterChain.java:189) ~[tomcat-embed-core-9.0.52.jar:9.0.52]
	at org.apache.catalina.core.ApplicationFilterChain.doFilter(ApplicationFilterChain.java:162) ~[tomcat-embed-core-9.0.52.jar:9.0.52]
	at org.apache.catalina.core.StandardWrapperValve.invoke(StandardWrapperValve.java:197) ~[tomcat-embed-core-9.0.52.jar:9.0.52]
	at org.apache.catalina.core.StandardContextValve.invoke(StandardContextValve.java:97) ~[tomcat-embed-core-9.0.52.jar:9.0.52]
	at org.apache.catalina.authenticator.AuthenticatorBase.invoke(AuthenticatorBase.java:542) ~[tomcat-embed-core-9.0.52.jar:9.0.52]
	at org.apache.catalina.core.StandardHostValve.invoke(StandardHostValve.java:135) ~[tomcat-embed-core-9.0.52.jar:9.0.52]
	at org.apache.catalina.valves.ErrorReportValve.invoke(ErrorReportValve.java:92) ~[tomcat-embed-core-9.0.52.jar:9.0.52]
	at org.apache.catalina.core.StandardEngineValve.invoke(StandardEngineValve.java:78) ~[tomcat-embed-core-9.0.52.jar:9.0.52]
	at org.apache.catalina.connector.CoyoteAdapter.service(CoyoteAdapter.java:357) ~[tomcat-embed-core-9.0.52.jar:9.0.52]
	at org.apache.coyote.http11.Http11Processor.service(Http11Processor.java:382) ~[tomcat-embed-core-9.0.52.jar:9.0.52]
	at org.apache.coyote.AbstractProcessorLight.process(AbstractProcessorLight.java:65) ~[tomcat-embed-core-9.0.52.jar:9.0.52]
	at org.apache.coyote.AbstractProtocol$ConnectionHandler.process(AbstractProtocol.java:893) ~[tomcat-embed-core-9.0.52.jar:9.0.52]
	at org.apache.tomcat.util.net.NioEndpoint$SocketProcessor.doRun(NioEndpoint.java:1726) ~[tomcat-embed-core-9.0.52.jar:9.0.52]
	at org.apache.tomcat.util.net.SocketProcessorBase.run(SocketProcessorBase.java:49) ~[tomcat-embed-core-9.0.52.jar:9.0.52]
	at org.apache.tomcat.util.threads.ThreadPoolExecutor.runWorker(ThreadPoolExecutor.java:1191) ~[tomcat-embed-core-9.0.52.jar:9.0.52]
	at org.apache.tomcat.util.threads.ThreadPoolExecutor$Worker.run(ThreadPoolExecutor.java:659) ~[tomcat-embed-core-9.0.52.jar:9.0.52]
	at org.apache.tomcat.util.threads.TaskThread$WrappingRunnable.run(TaskThread.java:61) ~[tomcat-embed-core-9.0.52.jar:9.0.52]
	at java.base/java.lang.Thread.run(Thread.java:831) ~[na:na]

2021-09-07 10:08:34.206 DEBUG 21028 --- [http-nio-8080-exec-3] .w.s.m.a.ResponseStatusExceptionResolver : Resolved [com.example.verifyrepresentative.exception.SMSNotSentException: Failed to Send SMS]
2021-09-07 10:08:34.207 DEBUG 21028 --- [http-nio-8080-exec-3] o.s.web.servlet.DispatcherServlet        : Completed 404 NOT_FOUND
2021-09-07 10:08:34.211 DEBUG 21028 --- [http-nio-8080-exec-3] o.s.web.servlet.DispatcherServlet        : "ERROR" dispatch for POST "/error", parameters={}
2021-09-07 10:08:34.214 DEBUG 21028 --- [http-nio-8080-exec-3] s.w.s.m.m.a.RequestMappingHandlerMapping : Mapped to org.springframework.boot.autoconfigure.web.servlet.error.BasicErrorController#error(HttpServletRequest)
2021-09-07 10:08:34.221 DEBUG 21028 --- [http-nio-8080-exec-3] o.s.w.s.m.m.a.HttpEntityMethodProcessor  : Using 'application/json', given [*/*] and supported [application/json, application/*+json, application/json, application/*+json]
2021-09-07 10:08:34.221 DEBUG 21028 --- [http-nio-8080-exec-3] o.s.w.s.m.m.a.HttpEntityMethodProcessor  : Writing [{timestamp=Tue Sep 07 10:08:34 EET 2021, status=404, error=Not Found, path=/generateOTP}]
2021-09-07 10:08:34.227 DEBUG 21028 --- [http-nio-8080-exec-3] o.s.web.servlet.DispatcherServlet        : Exiting from "ERROR" dispatch, status 404
2021-09-07 10:09:33.895  INFO 5792 --- [main] c.e.v.VerifyRepresentativeApplication    : Starting VerifyRepresentativeApplication using Java 16.0.2 on DESKTOP-A00PFDV with PID 5792 (C:\Users\Mohamed Fathy\IdeaProjects\VerifyRepresentative\target\classes started by Mohamed Fathy in C:\Users\Mohamed Fathy\IdeaProjects\VerifyRepresentative)
2021-09-07 10:09:33.901  INFO 5792 --- [main] c.e.v.VerifyRepresentativeApplication    : The following profiles are active: prod
2021-09-07 10:09:35.392  INFO 5792 --- [main] .s.d.r.c.RepositoryConfigurationDelegate : Multiple Spring Data modules found, entering strict repository configuration mode!
2021-09-07 10:09:35.392  INFO 5792 --- [main] .s.d.r.c.RepositoryConfigurationDelegate : Bootstrapping Spring Data JPA repositories in DEFAULT mode.
2021-09-07 10:09:35.472  INFO 5792 --- [main] .s.d.r.c.RepositoryConfigurationDelegate : Finished Spring Data repository scanning in 71 ms. Found 2 JPA repository interfaces.
2021-09-07 10:09:35.488  INFO 5792 --- [main] .s.d.r.c.RepositoryConfigurationDelegate : Multiple Spring Data modules found, entering strict repository configuration mode!
2021-09-07 10:09:35.490  INFO 5792 --- [main] .s.d.r.c.RepositoryConfigurationDelegate : Bootstrapping Spring Data Redis repositories in DEFAULT mode.
2021-09-07 10:09:35.508  INFO 5792 --- [main] .RepositoryConfigurationExtensionSupport : Spring Data Redis - Could not safely identify store assignment for repository candidate interface com.example.verifyrepresentative.repository.OTPRepo. If you want this repository to be a Redis repository, consider annotating your entities with one of these annotations: org.springframework.data.redis.core.RedisHash (preferred), or consider extending one of the following types with your repository: org.springframework.data.keyvalue.repository.KeyValueRepository.
2021-09-07 10:09:35.509  INFO 5792 --- [main] .RepositoryConfigurationExtensionSupport : Spring Data Redis - Could not safely identify store assignment for repository candidate interface com.example.verifyrepresentative.repository.RepresentativeRepo. If you want this repository to be a Redis repository, consider annotating your entities with one of these annotations: org.springframework.data.redis.core.RedisHash (preferred), or consider extending one of the following types with your repository: org.springframework.data.keyvalue.repository.KeyValueRepository.
2021-09-07 10:09:35.510  INFO 5792 --- [main] .s.d.r.c.RepositoryConfigurationDelegate : Finished Spring Data repository scanning in 10 ms. Found 0 Redis repository interfaces.
2021-09-07 10:09:36.128  INFO 5792 --- [main] o.s.b.w.embedded.tomcat.TomcatWebServer  : Tomcat initialized with port(s): 8080 (http)
2021-09-07 10:09:36.136  INFO 5792 --- [main] o.apache.catalina.core.StandardService   : Starting service [Tomcat]
2021-09-07 10:09:36.137  INFO 5792 --- [main] org.apache.catalina.core.StandardEngine  : Starting Servlet engine: [Apache Tomcat/9.0.52]
2021-09-07 10:09:36.282  INFO 5792 --- [main] o.a.c.c.C.[Tomcat].[localhost].[/]       : Initializing Spring embedded WebApplicationContext
2021-09-07 10:09:36.283  INFO 5792 --- [main] w.s.c.ServletWebServerApplicationContext : Root WebApplicationContext: initialization completed in 2115 ms
2021-09-07 10:09:36.484  INFO 5792 --- [main] o.hibernate.jpa.internal.util.LogHelper  : HHH000204: Processing PersistenceUnitInfo [name: default]
2021-09-07 10:09:36.549  INFO 5792 --- [main] org.hibernate.Version                    : HHH000412: Hibernate ORM core version 5.4.32.Final
2021-09-07 10:09:36.677  INFO 5792 --- [main] o.hibernate.annotations.common.Version   : HCANN000001: Hibernate Commons Annotations {5.1.2.Final}
2021-09-07 10:09:36.773  INFO 5792 --- [main] com.zaxxer.hikari.HikariDataSource       : HikariPool-1 - Starting...
2021-09-07 10:09:36.893  INFO 5792 --- [main] com.zaxxer.hikari.HikariDataSource       : HikariPool-1 - Start completed.
2021-09-07 10:09:36.907  INFO 5792 --- [main] org.hibernate.dialect.Dialect            : HHH000400: Using dialect: org.hibernate.dialect.MySQL5InnoDBDialect
2021-09-07 10:09:37.591  INFO 5792 --- [main] o.h.e.t.j.p.i.JtaPlatformInitiator       : HHH000490: Using JtaPlatform implementation: [org.hibernate.engine.transaction.jta.platform.internal.NoJtaPlatform]
2021-09-07 10:09:37.602  INFO 5792 --- [main] j.LocalContainerEntityManagerFactoryBean : Initialized JPA EntityManagerFactory for persistence unit 'default'
2021-09-07 10:09:37.953  WARN 5792 --- [main] JpaBaseConfiguration$JpaWebConfiguration : spring.jpa.open-in-view is enabled by default. Therefore, database queries may be performed during view rendering. Explicitly configure spring.jpa.open-in-view to disable this warning
2021-09-07 10:09:38.075 DEBUG 5792 --- [main] s.w.s.m.m.a.RequestMappingHandlerAdapter : ControllerAdvice beans: 0 @ModelAttribute, 0 @InitBinder, 1 RequestBodyAdvice, 1 ResponseBodyAdvice
2021-09-07 10:09:38.124 DEBUG 5792 --- [main] s.w.s.m.m.a.RequestMappingHandlerMapping : 5 mappings in 'requestMappingHandlerMapping'
2021-09-07 10:09:38.154 DEBUG 5792 --- [main] o.s.w.s.handler.SimpleUrlHandlerMapping  : Patterns [/webjars/**, /**] in 'resourceHandlerMapping'
2021-09-07 10:09:38.165 DEBUG 5792 --- [main] .m.m.a.ExceptionHandlerExceptionResolver : ControllerAdvice beans: 1 @ExceptionHandler, 1 ResponseBodyAdvice
2021-09-07 10:09:38.559  INFO 5792 --- [main] o.s.b.w.embedded.tomcat.TomcatWebServer  : Tomcat started on port(s): 8080 (http) with context path ''
2021-09-07 10:09:38.569  INFO 5792 --- [main] c.e.v.VerifyRepresentativeApplication    : Started VerifyRepresentativeApplication in 5.512 seconds (JVM running for 6.749)
2021-09-07 10:09:59.501  INFO 5792 --- [http-nio-8080-exec-2] o.a.c.c.C.[Tomcat].[localhost].[/]       : Initializing Spring DispatcherServlet 'dispatcherServlet'
2021-09-07 10:09:59.501  INFO 5792 --- [http-nio-8080-exec-2] o.s.web.servlet.DispatcherServlet        : Initializing Servlet 'dispatcherServlet'
2021-09-07 10:09:59.502 DEBUG 5792 --- [http-nio-8080-exec-2] o.s.web.servlet.DispatcherServlet        : Detected StandardServletMultipartResolver
2021-09-07 10:09:59.502 DEBUG 5792 --- [http-nio-8080-exec-2] o.s.web.servlet.DispatcherServlet        : Detected AcceptHeaderLocaleResolver
2021-09-07 10:09:59.502 DEBUG 5792 --- [http-nio-8080-exec-2] o.s.web.servlet.DispatcherServlet        : Detected FixedThemeResolver
2021-09-07 10:09:59.502 DEBUG 5792 --- [http-nio-8080-exec-2] o.s.web.servlet.DispatcherServlet        : Detected org.springframework.web.servlet.view.DefaultRequestToViewNameTranslator@719bb60d
2021-09-07 10:09:59.503 DEBUG 5792 --- [http-nio-8080-exec-2] o.s.web.servlet.DispatcherServlet        : Detected org.springframework.web.servlet.support.SessionFlashMapManager@39004e4f
2021-09-07 10:09:59.503 DEBUG 5792 --- [http-nio-8080-exec-2] o.s.web.servlet.DispatcherServlet        : enableLoggingRequestDetails='false': request parameters and headers will be masked to prevent unsafe logging of potentially sensitive data
2021-09-07 10:09:59.503  INFO 5792 --- [http-nio-8080-exec-2] o.s.web.servlet.DispatcherServlet        : Completed initialization in 2 ms
2021-09-07 10:09:59.512 DEBUG 5792 --- [http-nio-8080-exec-2] o.s.web.servlet.DispatcherServlet        : POST "/generateOTP", parameters={}
2021-09-07 10:09:59.515 DEBUG 5792 --- [http-nio-8080-exec-2] s.w.s.m.m.a.RequestMappingHandlerMapping : Mapped to com.example.verifyrepresentative.web.VerifyRepresentativeController#GenerateOTP(InquiryRequestDTO)
2021-09-07 10:09:59.586 DEBUG 5792 --- [http-nio-8080-exec-2] m.m.a.RequestResponseBodyMethodProcessor : Read "application/json;charset=UTF-8" to [InquiryRequestDTO{requestId='bde30cee-6f93-3a4a-947a-a24e7e274920', serviceRefNumber='01068693452',  (truncated)...]
2021-09-07 10:09:59.593  INFO 5792 --- [http-nio-8080-exec-2] c.e.v.s.VerifyRepresentativeService      : generating new OTP
2021-09-07 10:09:59.594  INFO 5792 --- [http-nio-8080-exec-2] c.e.v.s.VerifyRepresentativeService      : New OTP value = 1962
2021-09-07 10:09:59.714  INFO 5792 --- [http-nio-8080-exec-2] c.e.v.s.VerifyRepresentativeService      : starting to send sms message to msisdn = 01068693452
2021-09-07 10:09:59.749 DEBUG 5792 --- [http-nio-8080-exec-2] o.s.web.client.RestTemplate              : HTTP GET http://10.140.173.14:8181/aman/sms/send?msisdn=01068693452&msg=%D8%A7%D9%87%D9%84%D8%A7%20%D8%A8%D9%83%20%D9%81%D9%8A%20%D8%A7%D9%85%D8%A7%D9%86%20,%20%D9%83%D9%88%D8%AF%20%D8%A7%D9%84%D8%AA%D9%81%D8%B9%D9%8A%D9%84%20%D8%A7%D9%84%D8%AE%D8%A7%D8%B5%20%D8%A8%D9%83%201962&sender=AMAN
2021-09-07 10:09:59.751 DEBUG 5792 --- [http-nio-8080-exec-2] o.s.web.client.RestTemplate              : Accept=[application/json, application/*+json]
2021-09-07 10:10:20.761 ERROR 5792 --- [http-nio-8080-exec-2] c.e.v.s.VerifyRepresentativeService      : I/O error on GET request for "http://10.140.173.14:8181/aman/sms/send": Connection timed out: connect; nested exception is java.net.ConnectException: Connection timed out: connect
2021-09-07 10:10:20.818  INFO 5792 --- [http-nio-8080-exec-2] c.e.v.s.VerifyRepresentativeService      : new OTP generated with value+:1962
2021-09-07 10:10:20.841 DEBUG 5792 --- [http-nio-8080-exec-2] o.s.w.s.m.m.a.HttpEntityMethodProcessor  : Using 'application/json', given [*/*] and supported [application/json, application/*+json, application/json, application/*+json]
2021-09-07 10:10:20.842 DEBUG 5792 --- [http-nio-8080-exec-2] o.s.w.s.m.m.a.HttpEntityMethodProcessor  : Writing [InquiryResponseDTO [status=StatusDTO [code=0, message=OTP Generated Successfully OTP: 1962], respons (truncated)...]
2021-09-07 10:10:20.860 DEBUG 5792 --- [http-nio-8080-exec-2] o.s.web.servlet.DispatcherServlet        : Completed 200 OK
2021-09-07 10:10:28.854 DEBUG 5792 --- [http-nio-8080-exec-3] o.s.web.servlet.DispatcherServlet        : POST "/verifyOTP", parameters={}
2021-09-07 10:10:28.855 DEBUG 5792 --- [http-nio-8080-exec-3] s.w.s.m.m.a.RequestMappingHandlerMapping : Mapped to com.example.verifyrepresentative.web.VerifyRepresentativeController#verifyOTP(InquiryRequestDTO)
2021-09-07 10:10:28.861 DEBUG 5792 --- [http-nio-8080-exec-3] m.m.a.RequestResponseBodyMethodProcessor : Read "application/json;charset=UTF-8" to [InquiryRequestDTO{requestId='bde30cee-6f93-3a4a-947a-a24e7e274920', serviceRefNumber='01068693452',  (truncated)...]
2021-09-07 10:10:28.883 DEBUG 5792 --- [http-nio-8080-exec-3] o.s.w.s.m.m.a.HttpEntityMethodProcessor  : Using 'application/json', given [*/*] and supported [application/json, application/*+json, application/json, application/*+json]
2021-09-07 10:10:28.884 DEBUG 5792 --- [http-nio-8080-exec-3] o.s.w.s.m.m.a.HttpEntityMethodProcessor  : Writing [InquiryResponseDTO [status=StatusDTO [code=0, message=Correct OTP], responseDate=Tue Sep 07 10:10:28 (truncated)...]
2021-09-07 10:10:28.885 DEBUG 5792 --- [http-nio-8080-exec-3] o.s.web.servlet.DispatcherServlet        : Completed 200 OK
2021-09-07 11:37:25.826  WARN 5792 --- [HikariPool-1 housekeeper] com.zaxxer.hikari.pool.HikariPool        : HikariPool-1 - Thread starvation or clock leap detected (housekeeper delta=18m48s671ms842µs300ns).
